<?xml version="1.0" encoding="UTF-8"?>
<testng-results skipped="0" failed="0" total="0" passed="0">
  <reporter-output>
  </reporter-output>
  <suite name="Task2.Runners.TestRunnerTest" duration-ms="2" started-at="2018-10-29T09:04:08Z" finished-at="2018-10-29T09:04:08Z">
    <groups>
    </groups>
    <test name="Command line test" duration-ms="2" started-at="2018-10-29T09:04:08Z" finished-at="2018-10-29T09:04:08Z">
    </test> <!-- Command line test -->
  </suite> <!-- Task2.Runners.TestRunnerTest -->
</testng-results>
